<?xml version="1.0" encoding="UTF-8"?>
<!-- Generated by org.testng.reporters.JUnitReportReporter -->
<testsuite skipped="0" hostname="BDC4-L-1SL6QQ2" name="StepDef.Parameter" tests="1" failures="0" timestamp="11 Feb 2020 09:47:42 GMT" time="0.609" errors="0">
  <testcase name="f" time="0.609" classname="StepDef.Parameter"/>
</testsuite> <!-- StepDef.Parameter -->
